2025-04-04 12:40:48,914 - sentence_transformers.SentenceTransformer - INFO - Use pytorch device_name: cpu
2025-04-04 12:40:48,915 - sentence_transformers.SentenceTransformer - INFO - Load pretrained SentenceTransformer: emrecan/bert-base-turkish-cased-mean-nli-stsb-tr
2025-04-04 12:40:53,519 - __main__ - INFO - Starting product creation process...
2025-04-04 12:40:57,384 - __main__ - INFO - Submitting product creation request...
2025-04-04 12:40:57,630 - __main__ - INFO - Product creation initiated. Batch ID: 399cab8d-8ed6-47d1-96ee-4410045fd1ee-1743770457
2025-04-04 12:40:57,814 - __main__ - INFO - Batch status: {
  "batchRequestId": "399cab8d-8ed6-47d1-96ee-4410045fd1ee-1743770457",
  "items": [],
  "status": "IN_PROGRESS",
  "creationDate": 1743756057975,
  "lastModification": 1743756057975,
  "sourceType": "API",
  "itemCount": 1,
  "failedItemCount": 0,
  "batchRequestType": "ProductV2OnBoarding",
  "notes": null
}
2025-04-04 12:42:37,307 - sentence_transformers.SentenceTransformer - INFO - Use pytorch device_name: cpu
2025-04-04 12:42:37,308 - sentence_transformers.SentenceTransformer - INFO - Load pretrained SentenceTransformer: emrecan/bert-base-turkish-cased-mean-nli-stsb-tr
2025-04-04 12:42:41,145 - __main__ - INFO - Starting product creation process...
2025-04-04 12:42:44,376 - __main__ - INFO - Submitting product creation request...
2025-04-04 12:42:45,230 - __main__ - INFO - Product creation initiated. Batch ID: 2c8011b8-ea4e-4c32-afa0-d71c9f933e80-1743770565
2025-04-04 12:42:45,421 - __main__ - INFO - Batch status: {
  "batchRequestId": "2c8011b8-ea4e-4c32-afa0-d71c9f933e80-1743770565",
  "items": [],
  "status": "IN_PROGRESS",
  "creationDate": 1743756165583,
  "lastModification": 1743756165583,
  "sourceType": "API",
  "itemCount": 1,
  "failedItemCount": 0,
  "batchRequestType": "ProductV2OnBoarding",
  "notes": null
}
